[debug] [2021-08-07T06:00:48.823Z] ----------------------------------------------------------------------
[debug] [2021-08-07T06:00:48.824Z] Command:       /usr/local/bin/firebase /Users/rinatokhi/.cache/firebase/tools/lib/node_modules/firebase-tools/lib/bin/firebase serve
[debug] [2021-08-07T06:00:48.824Z] CLI Version:   9.16.0
[debug] [2021-08-07T06:00:48.824Z] Platform:      darwin
[debug] [2021-08-07T06:00:48.824Z] Node Version:  v12.18.1
[debug] [2021-08-07T06:00:48.825Z] Time:          Sat Aug 07 2021 10:30:48 GMT+0430 (Afghanistan Time)
[debug] [2021-08-07T06:00:48.825Z] ----------------------------------------------------------------------
[debug] 
[debug] [2021-08-07T06:00:48.873Z] > command requires scopes: ["email","openid","https://www.googleapis.com/auth/cloudplatformprojects.readonly","https://www.googleapis.com/auth/firebase","https://www.googleapis.com/auth/cloud-platform"]
[debug] [2021-08-07T06:00:48.873Z] > authorizing via signed-in user (rina.tokhi7@gmail.com)
[debug] [2021-08-07T06:00:48.873Z] [iam] checking project fir-9c59c for permissions ["firebase.projects.get"]
[debug] [2021-08-07T06:00:48.875Z] >>> HTTP REQUEST POST https://cloudresourcemanager.googleapis.com/v1/projects/fir-9c59c:testIamPermissions  
 {"permissions":["firebase.projects.get"]}
[debug] [2021-08-07T06:00:50.686Z] <<< HTTP RESPONSE 200 {"content-type":"application/json; charset=UTF-8","vary":"X-Origin, Referer, Origin,Accept-Encoding","date":"Sat, 07 Aug 2021 06:00:50 GMT","server":"ESF","cache-control":"private","x-xss-protection":"0","x-frame-options":"SAMEORIGIN","x-content-type-options":"nosniff","server-timing":"gfet4t7; dur=673","alt-svc":"h3=\":443\"; ma=2592000,h3-29=\":443\"; ma=2592000,h3-T051=\":443\"; ma=2592000,h3-Q050=\":443\"; ma=2592000,h3-Q046=\":443\"; ma=2592000,h3-Q043=\":443\"; ma=2592000,quic=\":443\"; ma=2592000; v=\"46,43\"","accept-ranges":"none","transfer-encoding":"chunked"}
[debug] [2021-08-07T06:00:50.691Z] > refreshing access token with scopes: []
[debug] [2021-08-07T06:00:50.691Z] >>> HTTP REQUEST POST https://www.googleapis.com/oauth2/v3/token  
 <request body omitted>
[debug] [2021-08-07T06:00:51.277Z] <<< HTTP RESPONSE 200 {"expires":"Mon, 01 Jan 1990 00:00:00 GMT","cache-control":"no-cache, no-store, max-age=0, must-revalidate","date":"Sat, 07 Aug 2021 06:00:51 GMT","pragma":"no-cache","content-type":"application/json; charset=utf-8","vary":"X-Origin, Referer, Origin,Accept-Encoding","server":"scaffolding on HTTPServer2","x-xss-protection":"0","x-frame-options":"SAMEORIGIN","x-content-type-options":"nosniff","alt-svc":"h3=\":443\"; ma=2592000,h3-29=\":443\"; ma=2592000,h3-T051=\":443\"; ma=2592000,h3-Q050=\":443\"; ma=2592000,h3-Q046=\":443\"; ma=2592000,h3-Q043=\":443\"; ma=2592000,quic=\":443\"; ma=2592000; v=\"46,43\"","accept-ranges":"none","transfer-encoding":"chunked"}
[debug] [2021-08-07T06:00:51.338Z] >>> [apiv2][query] GET https://firebase.googleapis.com/v1beta1/projects/fir-9c59c [none]
[debug] [2021-08-07T06:00:52.037Z] <<< [apiv2][status] GET https://firebase.googleapis.com/v1beta1/projects/fir-9c59c 200
[debug] [2021-08-07T06:00:52.038Z] <<< [apiv2][body] GET https://firebase.googleapis.com/v1beta1/projects/fir-9c59c {"projectId":"fir-9c59c","projectNumber":"105321656721","displayName":"firebase","name":"projects/fir-9c59c","resources":{"hostingSite":"fir-9c59c"},"state":"ACTIVE"}
[info] 
[info] === Serving from '/Users/rinatokhi/Desktop/firbase'...
[info] 
[debug] [2021-08-07T06:00:52.041Z] >>> [apiv2][query] GET https://firebasehosting.googleapis.com/v1beta1/projects/fir-9c59c/sites 
[debug] [2021-08-07T06:00:53.267Z] <<< [apiv2][status] GET https://firebasehosting.googleapis.com/v1beta1/projects/fir-9c59c/sites 200
[debug] [2021-08-07T06:00:53.267Z] <<< [apiv2][body] GET https://firebasehosting.googleapis.com/v1beta1/projects/fir-9c59c/sites {"sites":[{"name":"projects/105321656721/sites/fir-9c59c","defaultUrl":"https://fir-9c59c.web.app","type":"DEFAULT_SITE"}]}
[debug] [2021-08-07T06:00:53.268Z] >>> [apiv2][query] GET https://firebase.googleapis.com/v1beta1/projects/fir-9c59c/webApps/-/config [none]
[debug] [2021-08-07T06:00:54.558Z] <<< [apiv2][status] GET https://firebase.googleapis.com/v1beta1/projects/fir-9c59c/webApps/-/config 200
[debug] [2021-08-07T06:00:54.558Z] <<< [apiv2][body] GET https://firebase.googleapis.com/v1beta1/projects/fir-9c59c/webApps/-/config {"projectId":"fir-9c59c","appId":"1:105321656721:web:54bc7445a07105a9a66a30","storageBucket":"fir-9c59c.appspot.com","apiKey":"AIzaSyC2LoZWcz2V0i2G9Fph96gPzRXCLcZ2x-8","authDomain":"fir-9c59c.firebaseapp.com","messagingSenderId":"105321656721","measurementId":"G-3V6F079430"}
[info] i  hosting: Serving hosting files from: public {"metadata":{"emulator":{"name":"hosting"},"message":"Serving hosting files from: \u001b[1mpublic\u001b[22m"}}
[info] ✔  hosting: Local server: http://localhost:5000 {"metadata":{"emulator":{"name":"hosting"},"message":"Local server: \u001b[4m\u001b[1mhttp://localhost:5000\u001b[22m\u001b[24m"}}
[info] i  hosting: 127.0.0.1 - - [07/Aug/2021:06:00:55 +0000] "GET / HTTP/1.1" 200 4212 "-" "Mozilla/5.0 (Macintosh; Intel Mac OS X 10_15_7) AppleWebKit/605.1.15 (KHTML, like Gecko) Version/14.1.2 Safari/605.1.15" {"metadata":{"emulator":{"name":"hosting"},"message":"127.0.0.1 - - [07/Aug/2021:06:00:55 +0000] \"GET / HTTP/1.1\" 200 4212 \"-\" \"Mozilla/5.0 (Macintosh; Intel Mac OS X 10_15_7) AppleWebKit/605.1.15 (KHTML, like Gecko) Version/14.1.2 Safari/605.1.15\""}}
[info] i  hosting: 127.0.0.1 - - [07/Aug/2021:06:00:55 +0000] "GET /__/firebase/init.js?useEmulator=true HTTP/1.1" 200 - "http://localhost:5000/" "Mozilla/5.0 (Macintosh; Intel Mac OS X 10_15_7) AppleWebKit/605.1.15 (KHTML, like Gecko) Version/14.1.2 Safari/605.1.15" {"metadata":{"emulator":{"name":"hosting"},"message":"127.0.0.1 - - [07/Aug/2021:06:00:55 +0000] \"GET /__/firebase/init.js?useEmulator=true HTTP/1.1\" 200 - \"http://localhost:5000/\" \"Mozilla/5.0 (Macintosh; Intel Mac OS X 10_15_7) AppleWebKit/605.1.15 (KHTML, like Gecko) Version/14.1.2 Safari/605.1.15\""}}
